# JRE version: Java(TM) SE Runtime Environment (8.0_60-b27) (build 1.8.0_60-b27)
# Java VM: Java HotSpot(TM) 64-Bit Server VM (25.60-b23 mixed mode windows-amd64 compressed oops)
Heap:
 PSYoungGen      total 73216K, used 40124K [0x00000000fab00000, 0x00000000ffe80000, 0x0000000100000000)
  eden space 62976K, 59% used [0x00000000fab00000,0x00000000fcf5d908,0x00000000fe880000)
  from space 10240K, 28% used [0x00000000ff480000,0x00000000ff751a60,0x00000000ffe80000)
  to   space 11264K, 0% used [0x00000000fe880000,0x00000000fe880000,0x00000000ff380000)
 ParOldGen       total 61440K, used 51358K [0x00000000f0000000, 0x00000000f3c00000, 0x00000000fab00000)
  object space 61440K, 83% used [0x00000000f0000000,0x00000000f3227ac8,0x00000000f3c00000)
 Metaspace       used 52121K, capacity 54726K, committed 55040K, reserved 1095680K
  class space    used 7152K, capacity 8081K, committed 8192K, reserved 1048576K
GC Heap History (10 events):
Event: 99.933 GC heap before
{Heap before GC invocations=21 (full 2):
 PSYoungGen      total 73216K, used 61139K [0x00000000fab00000, 0x0000000100000000, 0x0000000100000000)
  eden space 60416K, 85% used [0x00000000fab00000,0x00000000fdd8aaa8,0x00000000fe600000)
  from space 12800K, 73% used [0x00000000ff380000,0x00000000ffcaa468,0x0000000100000000)
  to   space 13312K, 0% used [0x00000000fe600000,0x00000000fe600000,0x00000000ff300000)
 ParOldGen       total 61440K, used 36503K [0x00000000f0000000, 0x00000000f3c00000, 0x00000000fab00000)
  object space 61440K, 59% used [0x00000000f0000000,0x00000000f23a5d10,0x00000000f3c00000)
 Metaspace       used 43577K, capacity 45550K, committed 45824K, reserved 1087488K
  class space    used 6033K, capacity 6789K, committed 6912K, reserved 1048576K
Event: 100.013 GC heap after
Heap after GC invocations=21 (full 2):
 PSYoungGen      total 73728K, used 5176K [0x00000000fab00000, 0x0000000100000000, 0x0000000100000000)
  eden space 60416K, 0% used [0x00000000fab00000,0x00000000fab00000,0x00000000fe600000)
  from space 13312K, 38% used [0x00000000fe600000,0x00000000feb0e078,0x00000000ff300000)
  to   space 12800K, 0% used [0x00000000ff380000,0x00000000ff380000,0x0000000100000000)
 ParOldGen       total 61440K, used 44688K [0x00000000f0000000, 0x00000000f3c00000, 0x00000000fab00000)
  object space 61440K, 72% used [0x00000000f0000000,0x00000000f2ba4268,0x00000000f3c00000)
 Metaspace       used 43577K, capacity 45550K, committed 45824K, reserved 1087488K
  class space    used 6033K, capacity 6789K, committed 6912K, reserved 1048576K
}
Event: 100.013 GC heap before
{Heap before GC invocations=22 (full 3):
 PSYoungGen      total 73728K, used 5176K [0x00000000fab00000, 0x0000000100000000, 0x0000000100000000)
  eden space 60416K, 0% used [0x00000000fab00000,0x00000000fab00000,0x00000000fe600000)
  from space 13312K, 38% used [0x00000000fe600000,0x00000000feb0e078,0x00000000ff300000)
  to   space 12800K, 0% used [0x00000000ff380000,0x00000000ff380000,0x0000000100000000)
 ParOldGen       total 61440K, used 44688K [0x00000000f0000000, 0x00000000f3c00000, 0x00000000fab00000)
  object space 61440K, 72% used [0x00000000f0000000,0x00000000f2ba4268,0x00000000f3c00000)
 Metaspace       used 43577K, capacity 45550K, committed 45824K, reserved 1087488K
  class space    used 6033K, capacity 6789K, committed 6912K, reserved 1048576K
Event: 101.540 GC heap after
Heap after GC invocations=22 (full 3):
 PSYoungGen      total 73728K, used 0K [0x00000000fab00000, 0x0000000100000000, 0x0000000100000000)
  eden space 60416K, 0% used [0x00000000fab00000,0x00000000fab00000,0x00000000fe600000)
  from space 13312K, 0% used [0x00000000fe600000,0x00000000fe600000,0x00000000ff300000)
  to   space 12800K, 0% used [0x00000000ff380000,0x00000000ff380000,0x0000000100000000)
 ParOldGen       total 61440K, used 46619K [0x00000000f0000000, 0x00000000f3c00000, 0x00000000fab00000)
  object space 61440K, 75% used [0x00000000f0000000,0x00000000f2d86d30,0x00000000f3c00000)
 Metaspace       used 43577K, capacity 45550K, committed 45824K, reserved 1087488K
  class space    used 6033K, capacity 6789K, committed 6912K, reserved 1048576K
}
Event: 120.466 GC heap before
{Heap before GC invocations=23 (full 3):
 PSYoungGen      total 73728K, used 60416K [0x00000000fab00000, 0x0000000100000000, 0x0000000100000000)
  eden space 60416K, 100% used [0x00000000fab00000,0x00000000fe600000,0x00000000fe600000)
  from space 13312K, 0% used [0x00000000fe600000,0x00000000fe600000,0x00000000ff300000)
  to   space 12800K, 0% used [0x00000000ff380000,0x00000000ff380000,0x0000000100000000)
 ParOldGen       total 61440K, used 46619K [0x00000000f0000000, 0x00000000f3c00000, 0x00000000fab00000)
  object space 61440K, 75% used [0x00000000f0000000,0x00000000f2d86d30,0x00000000f3c00000)
 Metaspace       used 44068K, capacity 46164K, committed 46336K, reserved 1089536K
  class space    used 6063K, capacity 6853K, committed 6912K, reserved 1048576K
Event: 120.490 GC heap after
Heap after GC invocations=23 (full 3):
 PSYoungGen      total 72192K, used 2907K [0x00000000fab00000, 0x00000000ffe80000, 0x0000000100000000)
  eden space 60928K, 0% used [0x00000000fab00000,0x00000000fab00000,0x00000000fe680000)
  from space 11264K, 25% used [0x00000000ff380000,0x00000000ff656cb0,0x00000000ffe80000)
  to   space 12288K, 0% used [0x00000000fe680000,0x00000000fe680000,0x00000000ff280000)
 ParOldGen       total 61440K, used 46627K [0x00000000f0000000, 0x00000000f3c00000, 0x00000000fab00000)
  object space 61440K, 75% used [0x00000000f0000000,0x00000000f2d88d30,0x00000000f3c00000)
 Metaspace       used 44068K, capacity 46164K, committed 46336K, reserved 1089536K
  class space    used 6063K, capacity 6853K, committed 6912K, reserved 1048576K
}
Event: 133.685 GC heap before
{Heap before GC invocations=24 (full 3):
 PSYoungGen      total 72192K, used 63835K [0x00000000fab00000, 0x00000000ffe80000, 0x0000000100000000)
  eden space 60928K, 100% used [0x00000000fab00000,0x00000000fe680000,0x00000000fe680000)
  from space 11264K, 25% used [0x00000000ff380000,0x00000000ff656cb0,0x00000000ffe80000)
  to   space 12288K, 0% used [0x00000000fe680000,0x00000000fe680000,0x00000000ff280000)
 ParOldGen       total 61440K, used 46627K [0x00000000f0000000, 0x00000000f3c00000, 0x00000000fab00000)
  object space 61440K, 75% used [0x00000000f0000000,0x00000000f2d88d30,0x00000000f3c00000)
 Metaspace       used 45377K, capacity 47660K, committed 47872K, reserved 1089536K
  class space    used 6265K, capacity 7111K, committed 7168K, reserved 1048576K
Event: 133.727 GC heap after
Heap after GC invocations=24 (full 3):
 PSYoungGen      total 73216K, used 4420K [0x00000000fab00000, 0x0000000100000000, 0x0000000100000000)
  eden space 60928K, 0% used [0x00000000fab00000,0x00000000fab00000,0x00000000fe680000)
  from space 12288K, 35% used [0x00000000fe680000,0x00000000fead1030,0x00000000ff280000)
  to   space 11776K, 0% used [0x00000000ff480000,0x00000000ff480000,0x0000000100000000)
 ParOldGen       total 61440K, used 48694K [0x00000000f0000000, 0x00000000f3c00000, 0x00000000fab00000)
  object space 61440K, 79% used [0x00000000f0000000,0x00000000f2f8da78,0x00000000f3c00000)
 Metaspace       used 45377K, capacity 47660K, committed 47872K, reserved 1089536K
  class space    used 6265K, capacity 7111K, committed 7168K, reserved 1048576K
}
Event: 143.291 GC heap before
{Heap before GC invocations=25 (full 3):
 PSYoungGen      total 73216K, used 65348K [0x00000000fab00000, 0x0000000100000000, 0x0000000100000000)
  eden space 60928K, 100% used [0x00000000fab00000,0x00000000fe680000,0x00000000fe680000)
  from space 12288K, 35% used [0x00000000fe680000,0x00000000fead1030,0x00000000ff280000)
  to   space 11776K, 0% used [0x00000000ff480000,0x00000000ff480000,0x0000000100000000)
 ParOldGen       total 61440K, used 48694K [0x00000000f0000000, 0x00000000f3c00000, 0x00000000fab00000)
  object space 61440K, 79% used [0x00000000f0000000,0x00000000f2f8da78,0x00000000f3c00000)
 Metaspace       used 48059K, capacity 50662K, committed 50944K, reserved 1093632K
  class space    used 6678K, capacity 7601K, committed 7680K, reserved 1048576K
Event: 143.333 GC heap after
Heap after GC invocations=25 (full 3):
 PSYoungGen      total 73216K, used 2886K [0x00000000fab00000, 0x00000000ffe80000, 0x0000000100000000)
  eden space 62976K, 0% used [0x00000000fab00000,0x00000000fab00000,0x00000000fe880000)
  from space 10240K, 28% used [0x00000000ff480000,0x00000000ff751a60,0x00000000ffe80000)
  to   space 11264K, 0% used [0x00000000fe880000,0x00000000fe880000,0x00000000ff380000)
 ParOldGen       total 61440K, used 51358K [0x00000000f0000000, 0x00000000f3c00000, 0x00000000fab00000)
  object space 61440K, 83% used [0x00000000f0000000,0x00000000f3227ac8,0x00000000f3c00000)
 Metaspace       used 48059K, capacity 50662K, committed 50944K, reserved 1093632K
  class space    used 6678K, capacity 7601K, committed 7680K, reserved 1048576K
}

